[2025-06-10T04:13:00.366Z] Starting transaction analysis...
[2025-06-10T04:13:00.371Z] 
Analyzing swap transaction: 35e3kTwQTxHCRsWMNvqcuUcFwYLz9Y5aom2Wc3E4Az15JBDwEaUgdiDHoCML5rpSgqYrKN9Szb3xPWf4m1rhV7Cr
[2025-06-10T04:13:00.852Z] 
=== Swap Transaction Details ===
[2025-06-10T04:13:00.853Z] Time: 2025-06-10T03:32:13.000Z
[2025-06-10T04:13:00.853Z] Status: Success
[2025-06-10T04:13:00.854Z] Network Fee: 0.000033356 SOL
[2025-06-10T04:13:00.855Z] 
Swap Details:
[2025-06-10T04:13:00.856Z] Swapper: CBKvo4csvk8k2VpwVi13d6xQFEhgMEmJXVFhJeU9GEXj
[2025-06-10T04:13:00.856Z] Slippage: 0.5%
[2025-06-10T04:13:00.857Z] Quoted Output Amount: 1591102
[2025-06-10T04:13:00.858Z] Slippage Paid: 0
[2025-06-10T04:13:00.859Z] 
Token Transfers:
[2025-06-10T04:13:00.860Z] Input: 0.01 So11111111111111111111111111111111111111112
[2025-06-10T04:13:00.861Z] Output: 1.591102 Es9vMFrzaCERmJfrF4H2FYD4KCoNkY11McCe8BenwNYB
[2025-06-10T04:13:00.861Z] Rate: 1 So11111111111111111111111111111111111111112 = 159.110200 Es9vMFrzaCERmJfrF4H2FYD4KCoNkY11McCe8BenwNYB
[2025-06-10T04:13:00.862Z] 
Transaction Links:
[2025-06-10T04:13:00.863Z] Solscan: https://solscan.io/tx/35e3kTwQTxHCRsWMNvqcuUcFwYLz9Y5aom2Wc3E4Az15JBDwEaUgdiDHoCML5rpSgqYrKN9Szb3xPWf4m1rhV7Cr
[2025-06-10T04:13:00.864Z] Explorer: https://explorer.solana.com/tx/35e3kTwQTxHCRsWMNvqcuUcFwYLz9Y5aom2Wc3E4Az15JBDwEaUgdiDHoCML5rpSgqYrKN9Szb3xPWf4m1rhV7Cr
